SF:lib\services\auth_service.dart
DA:10,1
DA:14,0
DA:15,0
DA:16,0
DA:18,1
DA:20,2
DA:22,2
DA:24,0
DA:27,1
DA:29,1
DA:30,1
DA:31,1
DA:34,2
DA:35,1
DA:38,0
DA:41,4
DA:42,1
DA:44,1
DA:45,2
DA:46,1
DA:47,1
DA:48,1
LF:22
LH:17
end_of_record
SF:lib\providers\auth_provider.dart
DA:11,2
DA:12,2
DA:14,1
DA:17,0
DA:18,0
DA:19,4
DA:20,1
DA:22,1
DA:24,1
DA:28,1
DA:29,1
DA:30,7
DA:31,0
DA:32,0
DA:33,0
DA:38,1
DA:39,1
DA:40,6
DA:41,1
DA:42,4
DA:43,1
DA:47,1
DA:48,1
DA:49,2
DA:50,1
DA:51,7
DA:52,1
DA:56,1
DA:57,1
DA:58,2
DA:59,1
DA:60,7
DA:61,1
DA:65,1
DA:66,3
DA:67,1
DA:70,1
DA:72,3
DA:73,1
DA:75,2
LF:40
LH:35
end_of_record
SF:lib\models\speedtest_models.dart
DA:6,2
DA:18,2
DA:32,2
DA:40,2
DA:41,2
DA:42,2
DA:43,2
DA:44,2
DA:45,2
LF:9
LH:9
end_of_record
SF:lib\screens\auth\forgot_password_screen.dart
DA:6,15
DA:8,1
DA:9,1
DA:16,1
DA:17,3
DA:19,1
DA:20,0
DA:21,0
DA:22,0
DA:25,0
DA:27,3
DA:28,3
DA:31,3
DA:34,1
DA:36,1
DA:37,1
DA:38,1
DA:39,1
DA:40,1
DA:42,1
DA:43,1
DA:44,1
DA:45,1
DA:46,1
DA:49,1
DA:50,1
DA:57,1
DA:58,2
LF:28
LH:24
end_of_record
SF:lib\widgets\logo_widget.dart
DA:4,3
DA:6,3
DA:7,3
DA:9,3
LF:4
LH:4
end_of_record
SF:lib\screens\auth\login_screen.dart
DA:9,41
DA:11,1
DA:12,1
DA:21,1
DA:23,1
DA:25,3
DA:28,1
DA:29,3
DA:31,2
DA:32,1
DA:34,2
DA:36,3
DA:37,3
DA:40,4
DA:44,0
DA:45,0
DA:47,0
DA:48,0
DA:49,0
DA:51,0
DA:53,0
DA:55,0
DA:56,0
DA:59,0
DA:63,1
DA:65,1
DA:66,1
DA:67,1
DA:68,1
DA:69,1
DA:71,1
DA:72,1
DA:73,1
DA:74,1
DA:75,1
DA:76,1
DA:78,1
DA:85,1
DA:87,1
DA:95,1
DA:96,2
DA:97,1
DA:106,1
DA:107,2
DA:112,1
DA:113,0
DA:114,0
DA:118,1
DA:119,0
LF:49
LH:36
end_of_record
SF:lib\main.dart
DA:12,0
DA:13,0
DA:14,0
DA:15,0
DA:17,0
DA:21,0
DA:23,0
DA:24,0
DA:25,0
DA:26,0
DA:28,0
DA:29,0
DA:30,0
DA:33,0
DA:35,0
DA:36,0
DA:37,0
DA:38,0
DA:39,0
LF:19
LH:0
end_of_record
SF:lib\screens\auth\signup_screen.dart
DA:8,14
DA:10,1
DA:11,1
DA:20,1
DA:21,3
DA:22,7
DA:23,3
DA:26,3
DA:31,0
DA:32,0
DA:33,0
DA:35,0
DA:38,0
DA:39,0
DA:40,0
DA:41,0
DA:42,0
DA:48,0
DA:49,0
DA:52,0
DA:55,1
DA:57,1
DA:58,1
DA:59,1
DA:60,1
DA:61,1
DA:63,1
DA:64,1
DA:65,1
DA:66,1
DA:67,1
DA:68,1
DA:69,1
DA:76,1
DA:77,1
DA:85,1
DA:86,1
DA:94,1
DA:95,2
DA:99,1
DA:100,0
LF:41
LH:28
end_of_record
SF:lib\screens\auth\auth_state_wrapper.dart
DA:10,0
DA:12,0
DA:14,0
DA:17,0
LF:4
LH:0
end_of_record
SF:lib\firebase_options.dart
DA:18,1
DA:22,1
DA:23,1
DA:25,1
DA:27,1
DA:29,1
DA:31,1
DA:32,1
DA:37,0
LF:9
LH:8
end_of_record
SF:lib\screens\home\root_screen.dart
DA:17,27
DA:23,1
DA:24,1
DA:32,1
DA:34,1
DA:36,2
DA:39,2
DA:43,1
DA:44,2
DA:45,1
DA:49,1
DA:51,1
DA:52,1
DA:53,1
DA:55,1
DA:56,1
DA:58,1
DA:59,2
DA:60,1
DA:62,1
DA:63,2
DA:67,0
DA:69,0
DA:70,0
DA:76,1
DA:78,1
DA:79,2
DA:84,3
DA:85,1
DA:87,1
DA:88,1
LF:31
LH:28
end_of_record
SF:lib\theme\theme_notifier.dart
DA:7,4
DA:9,2
DA:10,8
DA:11,2
DA:12,1
DA:13,2
LF:6
LH:6
end_of_record
SF:lib\screens\apps\speedtest\services\speedtest_service.dart
DA:17,1
DA:20,1
DA:23,2
DA:29,1
DA:31,2
DA:37,1
DA:39,1
DA:41,1
DA:42,2
DA:44,2
DA:50,1
DA:52,1
DA:53,2
DA:55,2
DA:61,1
DA:67,0
DA:68,0
DA:70,1
DA:74,1
DA:77,4
DA:78,1
DA:80,0
DA:84,1
DA:85,1
DA:88,2
DA:89,2
DA:92,4
DA:93,1
DA:94,1
DA:95,1
DA:96,1
DA:97,2
DA:100,0
DA:102,1
DA:105,1
DA:106,1
DA:108,2
DA:110,6
DA:111,2
DA:115,1
DA:119,1
DA:120,3
DA:123,2
DA:125,2
DA:127,1
DA:128,4
DA:131,1
DA:135,1
DA:137,2
DA:138,2
DA:139,3
DA:140,3
DA:142,2
DA:144,1
DA:145,1
DA:146,1
DA:147,2
DA:150,0
DA:153,0
DA:154,0
DA:158,1
DA:159,0
DA:163,1
DA:164,2
DA:166,2
DA:167,0
DA:170,2
DA:172,1
DA:173,5
DA:174,2
DA:177,0
DA:182,1
DA:186,1
DA:187,4
DA:188,3
DA:191,2
DA:193,2
DA:195,1
DA:196,3
DA:198,1
DA:202,1
DA:204,2
DA:205,3
DA:206,4
DA:208,2
DA:210,1
DA:211,1
DA:212,1
DA:213,2
DA:217,0
DA:218,0
DA:222,1
DA:223,0
DA:227,1
DA:228,1
DA:229,2
DA:230,3
DA:233,5
DA:234,2
DA:245,1
LF:100
LH:87
end_of_record
SF:lib\screens\apps\speedtest\speed_test_results_screen.dart
DA:10,17
DA:14,1
DA:16,1
DA:18,1
DA:19,1
DA:20,1
DA:23,0
DA:24,0
DA:29,1
DA:30,1
DA:31,1
DA:33,1
DA:34,2
DA:35,1
DA:36,1
DA:37,1
DA:38,1
DA:39,2
DA:43,4
DA:47,2
DA:49,1
DA:50,1
DA:51,1
DA:52,1
DA:53,1
DA:54,3
DA:55,1
DA:57,1
DA:59,1
DA:61,1
DA:62,1
DA:63,3
DA:70,1
DA:71,3
DA:78,1
DA:79,2
DA:85,1
DA:86,1
LF:38
LH:36
end_of_record
SF:lib\screens\apps\speedtest\speedtest_screen.dart
DA:11,28
DA:13,1
DA:14,1
DA:27,1
DA:29,1
DA:30,3
DA:31,0
DA:34,1
DA:35,2
DA:36,1
DA:37,1
DA:38,1
DA:39,1
DA:40,1
DA:41,1
DA:42,1
DA:46,3
DA:47,2
DA:48,2
DA:49,2
DA:50,2
DA:54,2
DA:55,2
DA:56,2
DA:57,2
DA:58,1
DA:62,1
DA:64,0
DA:65,0
DA:66,0
DA:67,0
DA:68,0
DA:69,0
DA:70,0
DA:71,0
DA:72,0
DA:76,2
DA:77,1
DA:79,3
DA:80,4
DA:83,2
DA:84,1
DA:89,1
DA:91,1
DA:92,1
DA:94,1
DA:95,1
DA:96,1
DA:98,1
DA:100,1
DA:101,1
DA:102,1
DA:103,1
DA:106,1
DA:107,1
DA:109,1
DA:113,1
DA:114,2
DA:116,1
DA:117,1
DA:118,1
DA:120,1
DA:121,1
DA:122,3
DA:128,2
DA:139,3
DA:140,4
DA:141,4
DA:143,1
DA:144,1
DA:145,1
DA:146,2
DA:148,2
DA:152,1
DA:153,1
DA:154,1
DA:155,1
DA:159,1
DA:160,0
DA:161,0
DA:163,0
DA:164,0
LF:82
LH:68
end_of_record
SF:lib\screens\apps\traceroute\map\details_tab.dart
DA:7,2
DA:8,2
DA:10,2
DA:12,2
DA:13,4
DA:14,2
DA:15,4
DA:16,2
DA:17,4
DA:18,2
DA:19,2
DA:20,2
DA:21,2
DA:22,4
DA:23,6
DA:25,2
DA:26,2
DA:27,6
DA:29,2
DA:30,2
DA:31,2
DA:32,2
DA:34,2
DA:35,2
DA:36,4
DA:37,4
DA:38,2
DA:39,4
DA:40,2
DA:41,4
DA:54,2
DA:55,2
DA:56,2
DA:57,2
DA:59,2
DA:60,4
DA:61,2
LF:37
LH:37
end_of_record
SF:lib\screens\apps\traceroute\map\hop_details_screen.dart
DA:6,4
DA:8,2
DA:14,2
DA:15,4
DA:16,2
DA:18,2
DA:21,2
DA:22,2
DA:24,2
DA:25,2
DA:30,2
DA:32,6
DA:36,2
DA:38,6
DA:39,3
DA:46,2
DA:48,2
DA:49,4
DA:51,2
DA:53,2
DA:54,2
DA:55,2
DA:56,6
DA:60,2
DA:61,2
DA:63,1
DA:69,2
DA:70,2
DA:72,2
DA:74,2
DA:76,2
DA:78,2
DA:79,2
DA:81,2
DA:82,2
DA:84,2
DA:85,2
DA:86,2
DA:92,2
DA:93,2
DA:95,2
DA:96,2
DA:98,6
DA:102,2
DA:103,6
DA:104,6
DA:105,6
DA:119,2
DA:121,6
DA:126,2
DA:129,4
DA:132,2
DA:135,6
DA:142,5
DA:143,1
DA:145,3
DA:150,1
DA:153,3
DA:156,1
DA:159,3
DA:162,1
DA:165,3
DA:168,1
DA:171,2
LF:64
LH:64
end_of_record
SF:lib\screens\apps\traceroute\map\hops_tab.dart
DA:7,4
DA:9,2
DA:11,2
DA:12,4
DA:14,2
DA:16,2
DA:18,4
DA:19,2
DA:20,2
DA:21,4
DA:22,2
DA:24,2
DA:25,2
DA:27,2
DA:28,2
DA:29,1
DA:30,1
DA:32,1
DA:33,2
DA:37,2
DA:39,2
DA:40,2
DA:42,2
DA:45,2
DA:46,2
DA:47,2
DA:49,2
DA:50,2
DA:51,2
DA:58,2
DA:59,2
DA:61,2
DA:62,2
DA:63,4
DA:64,6
DA:69,2
DA:70,4
DA:71,6
DA:73,1
DA:74,2
DA:78,2
DA:79,2
DA:80,2
DA:86,2
DA:87,2
DA:88,4
DA:89,2
DA:90,2
DA:91,6
DA:102,2
DA:105,3
LF:51
LH:51
end_of_record
SF:lib\screens\apps\traceroute\map\map_screen.dart
DA:16,27
DA:23,1
DA:24,1
DA:40,1
DA:42,1
DA:44,3
DA:45,3
DA:46,3
DA:47,3
DA:48,1
DA:51,1
DA:52,2
DA:53,1
DA:57,1
DA:58,1
DA:61,1
DA:62,1
DA:63,3
DA:64,1
DA:65,1
DA:66,1
DA:67,1
DA:69,2
DA:70,3
DA:71,2
DA:72,3
DA:73,2
DA:74,3
DA:75,1
DA:80,2
DA:84,1
DA:85,1
DA:88,1
DA:89,1
DA:90,3
DA:91,1
DA:92,1
DA:93,1
DA:95,1
DA:96,1
DA:98,1
DA:99,2
DA:101,1
DA:102,1
DA:107,1
DA:108,1
DA:109,1
DA:110,1
DA:111,1
DA:112,1
DA:113,1
DA:114,1
DA:115,2
DA:119,1
DA:120,1
DA:121,1
DA:122,1
DA:125,1
DA:126,1
DA:127,1
DA:131,1
DA:132,1
DA:134,3
DA:139,1
DA:140,1
DA:142,2
DA:143,1
DA:144,3
DA:145,1
DA:146,2
DA:148,1
DA:150,1
DA:151,1
DA:152,1
DA:153,2
DA:154,3
DA:156,1
DA:157,1
DA:159,1
DA:160,1
DA:161,1
DA:162,1
DA:163,2
DA:164,3
DA:166,1
DA:167,1
DA:168,3
DA:172,1
DA:173,1
DA:174,0
DA:175,0
DA:176,0
DA:177,0
DA:178,0
DA:179,0
DA:180,0
DA:181,0
DA:183,0
DA:186,0
DA:187,0
DA:188,0
DA:189,0
DA:190,0
DA:191,0
DA:192,0
DA:193,0
DA:195,0
DA:210,2
DA:214,1
DA:215,1
DA:216,2
DA:217,1
DA:218,1
DA:223,2
DA:225,1
DA:228,2
DA:231,3
DA:232,3
DA:233,1
DA:238,1
DA:239,1
DA:241,2
DA:242,1
DA:243,3
DA:244,1
DA:245,1
DA:247,1
DA:248,1
DA:249,1
DA:250,1
DA:252,1
DA:253,2
DA:254,1
DA:255,1
DA:256,2
DA:257,1
DA:259,1
DA:260,1
DA:261,1
DA:262,3
DA:263,1
DA:264,2
DA:265,1
DA:266,1
DA:271,2
DA:272,1
DA:273,2
DA:274,1
DA:276,3
DA:277,3
DA:282,0
DA:283,0
DA:284,0
DA:285,0
DA:286,0
DA:287,0
DA:288,0
DA:289,0
DA:290,0
DA:291,0
DA:293,0
DA:294,0
DA:295,0
DA:301,0
DA:303,0
DA:304,0
DA:309,0
DA:310,0
DA:311,0
DA:317,1
DA:319,1
DA:320,1
DA:321,1
DA:322,1
DA:323,1
DA:325,1
DA:326,1
DA:327,1
DA:328,1
DA:329,1
DA:331,1
DA:332,1
DA:333,1
DA:337,1
DA:338,1
DA:339,2
DA:340,1
DA:341,1
DA:342,1
DA:343,1
DA:344,1
DA:345,1
DA:346,0
DA:347,1
DA:348,1
DA:350,2
DA:351,2
DA:357,1
DA:358,1
DA:359,1
DA:360,1
DA:363,1
DA:364,1
DA:367,1
DA:368,1
DA:372,1
DA:373,1
LF:207
LH:169
end_of_record
SF:lib\screens\apps\traceroute\map\map_tab.dart
DA:13,2
DA:21,2
DA:22,2
DA:41,2
DA:43,2
DA:44,2
DA:45,6
DA:46,2
DA:50,2
DA:52,2
DA:53,8
DA:54,2
DA:55,6
DA:56,2
DA:61,2
DA:62,4
DA:63,4
DA:69,4
DA:71,4
DA:73,4
DA:75,2
DA:81,3
DA:82,3
DA:88,2
DA:89,2
DA:90,1
DA:91,1
DA:94,2
DA:95,2
DA:96,1
DA:97,1
DA:100,4
DA:101,4
DA:102,4
DA:103,2
DA:107,2
DA:108,0
DA:114,2
DA:115,2
DA:116,4
DA:117,4
DA:118,10
DA:124,4
DA:125,4
DA:127,4
DA:128,2
DA:135,2
DA:136,2
DA:138,1
DA:139,1
DA:140,2
DA:141,4
DA:147,4
DA:148,4
DA:150,4
DA:151,2
DA:157,3
DA:158,3
DA:159,3
DA:161,3
DA:167,2
DA:168,2
DA:169,1
DA:170,1
DA:173,2
DA:174,2
DA:175,1
DA:176,1
DA:180,4
DA:184,4
DA:185,2
DA:186,4
DA:187,2
DA:188,2
DA:189,4
DA:190,2
DA:191,0
DA:192,0
DA:195,2
DA:196,2
DA:197,8
DA:207,1
DA:208,2
DA:211,3
DA:212,1
DA:213,0
DA:216,2
DA:217,1
DA:218,1
DA:219,1
DA:220,1
DA:222,3
DA:223,1
DA:224,0
DA:225,0
DA:228,2
DA:229,1
DA:230,5
DA:231,1
DA:233,1
DA:237,0
DA:238,0
DA:239,0
DA:240,0
DA:241,0
DA:246,2
DA:248,2
DA:249,2
DA:250,2
DA:251,2
DA:252,2
DA:253,2
DA:254,2
DA:255,2
DA:258,2
DA:259,0
DA:260,0
DA:261,0
DA:262,0
DA:263,0
DA:267,0
DA:268,0
DA:269,0
DA:270,0
DA:272,0
DA:275,0
DA:276,0
DA:277,0
DA:278,0
DA:280,0
DA:288,2
DA:291,2
DA:292,2
DA:293,2
DA:294,1
DA:295,3
DA:301,2
DA:302,4
DA:305,2
DA:308,2
DA:309,1
DA:310,3
LF:142
LH:116
end_of_record
SF:lib\screens\apps\traceroute\map\services\trace_route_service.dart
DA:14,0
DA:25,2
DA:27,1
DA:29,2
DA:30,3
DA:31,2
DA:32,2
DA:33,4
DA:34,1
DA:36,1
DA:39,3
DA:40,2
DA:44,1
DA:48,1
DA:50,3
DA:51,4
DA:52,2
DA:53,2
DA:54,3
DA:55,2
DA:58,3
DA:61,1
DA:64,3
DA:65,1
DA:66,1
DA:67,1
DA:74,0
DA:80,1
DA:81,1
DA:82,2
DA:84,3
DA:85,5
DA:86,1
DA:87,1
DA:88,5
DA:89,3
DA:92,3
DA:93,1
DA:97,1
DA:98,1
DA:99,1
DA:101,3
DA:102,2
DA:103,1
DA:104,1
DA:108,2
DA:110,2
DA:111,2
DA:112,3
DA:113,2
DA:114,2
DA:115,1
DA:116,1
DA:117,2
DA:118,2
DA:119,1
DA:120,1
DA:121,3
DA:128,3
DA:131,3
DA:132,2
DA:137,1
DA:139,2
DA:140,1
DA:152,2
DA:161,2
DA:169,2
DA:170,0
DA:171,2
DA:172,1
DA:173,2
DA:174,2
DA:175,2
DA:179,2
DA:181,2
DA:182,16
DA:183,4
LF:77
LH:74
end_of_record
SF:lib\screens\auth\username_screen.dart
DA:9,1
DA:13,1
DA:15,1
DA:16,1
DA:23,0
DA:24,0
DA:26,0
DA:29,0
DA:30,0
DA:31,0
DA:32,0
DA:35,0
DA:36,0
DA:38,0
DA:39,0
DA:42,0
DA:45,1
DA:47,1
DA:48,1
DA:49,1
DA:50,1
DA:51,1
DA:53,1
DA:54,1
DA:55,1
DA:56,1
DA:57,1
DA:58,1
DA:65,1
DA:66,2
LF:30
LH:18
end_of_record
SF:lib\screens\home\favorites_page.dart
DA:8,14
DA:10,2
DA:12,2
DA:13,2
DA:15,2
DA:17,2
DA:23,2
DA:24,1
DA:25,1
DA:26,1
DA:36,1
DA:38,1
DA:40,1
DA:41,2
DA:42,2
DA:44,1
DA:45,0
DA:46,0
DA:49,0
DA:50,0
DA:55,0
DA:57,0
DA:60,0
DA:62,0
DA:66,0
DA:68,1
DA:70,1
DA:71,1
DA:73,1
DA:74,1
DA:75,1
DA:76,1
DA:78,1
DA:80,1
DA:81,1
DA:82,2
DA:87,1
DA:88,2
DA:98,1
DA:101,1
DA:106,1
DA:107,1
DA:109,1
DA:110,1
DA:114,1
DA:115,1
DA:116,3
DA:119,1
DA:120,3
DA:128,1
DA:129,2
DA:140,1
DA:142,1
DA:144,1
DA:146,1
DA:148,1
DA:155,1
DA:157,1
DA:159,1
DA:161,1
DA:163,1
LF:61
LH:52
end_of_record
SF:lib\screens\home\home_page.dart
DA:8,14
DA:10,2
DA:11,2
DA:15,2
DA:17,2
DA:18,4
DA:19,2
DA:22,2
DA:24,2
DA:26,2
DA:28,2
DA:35,2
DA:36,2
DA:37,2
DA:38,2
DA:40,2
DA:50,2
DA:52,2
DA:54,2
DA:56,2
DA:58,2
DA:71,2
DA:78,2
DA:80,2
DA:81,6
DA:83,2
DA:84,0
DA:85,0
DA:88,0
DA:89,0
DA:93,0
DA:94,0
DA:96,0
DA:98,0
DA:99,0
DA:101,0
DA:105,0
DA:108,0
DA:110,2
DA:112,2
DA:113,2
DA:115,2
DA:116,2
DA:117,2
DA:118,2
DA:120,2
DA:122,2
DA:123,2
DA:124,4
DA:129,2
DA:130,4
DA:136,8
DA:137,2
DA:148,2
DA:151,2
DA:152,2
DA:156,1
DA:158,1
DA:160,1
DA:161,1
DA:165,1
DA:166,1
DA:167,3
DA:170,1
DA:171,3
DA:179,1
DA:180,2
DA:183,2
DA:194,2
DA:196,2
DA:198,2
DA:200,2
DA:202,2
DA:209,2
DA:211,2
DA:213,2
DA:215,2
DA:217,2
LF:78
LH:66
end_of_record
SF:lib\screens\home\profile_page.dart
DA:19,14
DA:26,1
DA:27,1
DA:47,1
DA:49,1
DA:52,3
DA:53,3
DA:54,3
DA:56,1
DA:57,2
DA:61,2
DA:62,1
DA:65,2
DA:68,1
DA:70,2
DA:71,2
DA:72,1
DA:75,1
DA:77,2
DA:78,1
DA:79,1
DA:80,1
DA:83,1
DA:84,2
DA:85,1
DA:91,1
DA:92,1
DA:94,2
DA:95,1
DA:96,2
DA:97,1
DA:100,3
DA:101,1
DA:102,2
DA:103,2
DA:108,1
DA:109,1
DA:110,2
DA:111,1
DA:115,3
DA:116,1
DA:117,2
DA:118,1
DA:121,3
DA:125,1
DA:126,1
DA:127,2
DA:128,1
DA:132,1
DA:133,0
DA:134,0
DA:135,0
DA:136,0
DA:137,0
DA:138,0
DA:139,0
DA:140,0
DA:144,0
DA:145,0
DA:146,0
DA:150,3
DA:152,1
DA:153,2
DA:154,3
DA:159,1
DA:160,1
DA:163,2
DA:164,1
DA:166,0
DA:169,2
DA:177,2
DA:178,1
DA:181,1
DA:182,0
DA:185,2
DA:186,1
DA:187,2
DA:190,1
DA:191,1
DA:193,2
DA:194,1
DA:197,1
DA:198,3
DA:205,3
DA:206,1
DA:207,3
DA:208,1
DA:209,2
DA:214,1
DA:215,2
DA:216,1
DA:222,1
DA:223,1
DA:226,2
DA:227,1
DA:229,0
DA:232,4
DA:233,1
DA:234,1
DA:237,1
DA:238,0
DA:239,0
DA:242,0
DA:243,0
DA:247,0
DA:248,0
DA:251,1
DA:252,3
DA:253,3
DA:258,1
DA:260,1
DA:261,1
DA:263,1
DA:267,2
DA:269,1
DA:271,1
DA:274,1
DA:276,1
DA:278,1
DA:279,1
DA:281,1
DA:282,1
DA:291,1
DA:300,1
DA:311,1
DA:312,1
DA:314,1
DA:315,1
DA:316,1
DA:319,1
DA:321,1
DA:323,1
DA:325,0
DA:329,2
DA:330,1
DA:332,2
DA:343,1
DA:344,1
DA:345,1
DA:347,1
DA:350,2
DA:352,2
DA:354,2
DA:362,2
DA:363,1
DA:364,2
DA:377,1
DA:378,1
DA:379,1
DA:380,1
DA:382,1
DA:383,2
DA:385,1
DA:389,1
DA:390,0
DA:393,1
DA:396,1
DA:398,2
DA:405,1
DA:406,1
DA:408,1
DA:410,3
DA:415,1
DA:421,1
DA:422,1
DA:423,1
DA:424,1
DA:425,1
DA:431,1
DA:437,1
DA:438,1
DA:439,1
DA:440,1
DA:442,1
DA:447,1
DA:455,1
DA:457,5
DA:460,1
DA:462,1
DA:463,1
DA:464,3
DA:467,1
DA:468,1
DA:476,1
DA:478,1
DA:479,1
DA:480,1
DA:482,1
DA:483,1
DA:484,1
DA:485,1
DA:486,1
DA:488,1
DA:490,1
DA:491,1
DA:494,1
DA:496,1
DA:497,1
DA:500,1
DA:501,1
DA:503,1
DA:506,3
DA:508,2
DA:509,1
DA:511,1
DA:512,2
DA:513,1
DA:518,1
DA:519,1
DA:520,1
DA:524,1
DA:527,1
DA:528,1
DA:529,1
DA:532,2
DA:534,1
DA:537,2
DA:539,1
LF:218
LH:196
end_of_record
SF:lib\services\network_info_service.dart
DA:8,1
DA:10,1
DA:13,1
DA:22,2
DA:24,3
DA:25,2
DA:26,2
DA:27,1
DA:28,1
DA:30,1
DA:43,1
DA:47,1
DA:49,3
DA:50,2
DA:51,3
DA:52,3
DA:53,1
DA:55,1
DA:57,1
DA:61,1
DA:69,1
DA:71,1
DA:72,4
LF:23
LH:23
end_of_record
SF:lib\services\storage_service.dart
DA:9,0
DA:12,0
DA:13,0
DA:15,0
DA:18,0
DA:19,0
DA:21,0
DA:26,0
DA:29,0
DA:30,0
DA:33,0
DA:34,0
DA:38,0
LF:13
LH:0
end_of_record
SF:lib\theme\app_theme.dart
DA:9,3
DA:10,3
DA:12,3
DA:16,3
DA:24,3
DA:25,3
DA:30,3
DA:31,3
DA:35,3
DA:36,3
DA:40,3
DA:41,3
DA:45,3
DA:47,3
DA:48,3
DA:49,3
DA:52,3
DA:53,3
DA:56,3
DA:57,3
DA:60,3
DA:61,3
DA:67,3
DA:69,3
DA:70,3
DA:76,3
DA:77,3
DA:79,3
DA:83,3
LF:29
LH:29
end_of_record
SF:lib\models\traceroute_models.dart
DA:10,1
DA:18,1
DA:25,1
DA:26,1
DA:27,0
DA:28,1
DA:29,1
DA:30,0
DA:34,1
DA:35,1
DA:36,1
DA:37,1
DA:38,1
DA:39,1
DA:40,1
DA:44,1
DA:45,1
DA:46,1
DA:47,1
DA:48,2
DA:49,2
DA:50,1
DA:61,1
DA:68,1
DA:69,1
DA:70,5
DA:71,1
DA:72,1
DA:73,1
DA:77,1
DA:79,1
DA:80,1
DA:82,0
DA:83,0
DA:85,0
DA:87,1
DA:88,1
DA:89,4
DA:91,1
DA:92,1
LF:40
LH:35
end_of_record
